<?xml version="1.0" encoding="UTF-8"?>
<!-- Generated by org.testng.reporters.JUnitReportReporter -->
<testsuite hostname="DESKTOP-6BCGIB4" failures="0" tests="2" name="AutomationFramework.tests.SubmitorderTest" time="36.577" errors="0" timestamp="2025-01-26T18:25:52 IST" skipped="0">
  <testcase classname="AutomationFramework.tests.SubmitorderTest" name="submitorder" time="19.387"/>
  <system-out/>
  <testcase classname="AutomationFramework.tests.SubmitorderTest" name="submitorder" time="17.190"/>
  <system-out/>
</testsuite> <!-- AutomationFramework.tests.SubmitorderTest -->
