<?xml version="1.0" encoding="UTF-8"?>
<!-- Generated by org.testng.reporters.JUnitReportReporter -->
<testsuite hostname="DESKTOP-6BCGIB4" failures="0" tests="1" name="AutomationFramework.tests.ErrorValidation" time="7.787" errors="0" timestamp="2024-12-08T19:14:51 IST" skipped="0">
  <testcase classname="AutomationFramework.tests.ErrorValidation" name="submitorder" time="7.787"/>
  <system-out/>
</testsuite> <!-- AutomationFramework.tests.ErrorValidation -->
