<?xml version="1.0" encoding="UTF-8"?>
<!-- Generated by org.testng.reporters.JUnitReportReporter -->
<testsuite hostname="WS-19080" failures="0" tests="1" name="com.ui.tests.LoginTest" time="8.079" errors="0" timestamp="2025-07-20T15:10:06 IST" skipped="0">
  <testcase classname="com.ui.tests.LoginTest" name="loginExcelTest" time="8.079"/>
  <system-out/>
</testsuite> <!-- com.ui.tests.LoginTest -->
