<?xml version="1.0" encoding="UTF-8"?>
<!-- Generated by org.testng.reporters.JUnitReportReporter -->
<testsuite hostname="DESKTOP-6BCGIB4" failures="0" tests="4" name="AutomationFramework.tests.SubmitorderTest" time="39.540" errors="0" timestamp="2025-01-26T09:12:11 IST" skipped="0">
  <testcase classname="AutomationFramework.tests.SubmitorderTest" name="submitorder" time="16.402"/>
  <system-out/>
  <testcase classname="AutomationFramework.tests.SubmitorderTest" name="Verifyorder" time="4.224"/>
  <system-out/>
  <testcase classname="AutomationFramework.tests.SubmitorderTest" name="Verifyorder" time="2.954"/>
  <system-out/>
  <testcase classname="AutomationFramework.tests.SubmitorderTest" name="submitorder" time="15.960"/>
  <system-out/>
</testsuite> <!-- AutomationFramework.tests.SubmitorderTest -->
