<?xml version="1.0" encoding="UTF-8"?>
<!-- Generated by org.testng.reporters.JUnitReportReporter -->
<testsuite hostname="WS-19080" failures="0" tests="1" name="com.ui.tests.LoginTest" time="7.405" errors="0" timestamp="2025-07-20T15:29:19 IST" skipped="0">
  <testcase classname="com.ui.tests.LoginTest" name="loginExcelTest" time="7.405"/>
  <system-out/>
</testsuite> <!-- com.ui.tests.LoginTest -->
