<?xml version="1.0" encoding="UTF-8"?>
<!-- Generated by org.testng.reporters.JUnitReportReporter -->
<testsuite hostname="WS-19080" failures="0" tests="2" name="AutomationFramework.tests.ErrorValidationTest" time="17.224" errors="0" timestamp="2025-02-16T18:28:49 IST" skipped="0">
  <testcase classname="AutomationFramework.tests.ErrorValidationTest" name="ProductErrorValidation" time="14.957"/>
  <system-out/>
  <testcase classname="AutomationFramework.tests.ErrorValidationTest" name="incorrectCreds" time="2.267"/>
  <system-out/>
</testsuite> <!-- AutomationFramework.tests.ErrorValidationTest -->
