<?xml version="1.0" encoding="UTF-8"?>
<!-- Generated by org.testng.reporters.JUnitReportReporter -->
<testsuite hostname="WS-19080" failures="0" tests="2" name="AutomationFramework.tests.SubmitorderTest" time="33.033" errors="0" timestamp="2025-07-20T14:45:13 IST" skipped="0">
  <testcase classname="AutomationFramework.tests.SubmitorderTest" name="submitorder" time="15.193"/>
  <system-out/>
  <testcase classname="AutomationFramework.tests.SubmitorderTest" name="submitorder" time="17.840"/>
  <system-out/>
</testsuite> <!-- AutomationFramework.tests.SubmitorderTest -->
