<?xml version="1.0" encoding="UTF-8"?>
<!-- Generated by org.testng.reporters.JUnitReportReporter -->
<testsuite hostname="DESKTOP-6BCGIB4" failures="0" tests="4" name="AutomationFramework.tests.SubmitorderTest" time="38.087" errors="0" timestamp="2025-01-19T16:24:30 IST" skipped="0">
  <testcase classname="AutomationFramework.tests.SubmitorderTest" name="submitorder" time="15.707"/>
  <testcase classname="AutomationFramework.tests.SubmitorderTest" name="Verifyorder" time="2.905"/>
  <testcase classname="AutomationFramework.tests.SubmitorderTest" name="submitorder" time="16.463"/>
  <testcase classname="AutomationFramework.tests.SubmitorderTest" name="Verifyorder" time="3.012"/>
</testsuite> <!-- AutomationFramework.tests.SubmitorderTest -->
