<?xml version="1.0" encoding="UTF-8"?>
<!-- Generated by org.testng.reporters.JUnitReportReporter -->
<testsuite hostname="WS-19080" failures="0" tests="4" name="AutomationFramework.tests.SubmitorderTest" time="35.749" errors="0" timestamp="2025-07-20T14:47:57 IST" skipped="0">
  <testcase classname="AutomationFramework.tests.SubmitorderTest" name="Verifyorder" time="2.488"/>
  <system-out/>
  <testcase classname="AutomationFramework.tests.SubmitorderTest" name="submitorder" time="15.666"/>
  <system-out/>
  <testcase classname="AutomationFramework.tests.SubmitorderTest" name="Verifyorder" time="2.381"/>
  <system-out/>
  <testcase classname="AutomationFramework.tests.SubmitorderTest" name="submitorder" time="15.214"/>
  <system-out/>
</testsuite> <!-- AutomationFramework.tests.SubmitorderTest -->
